Using pre-set license
Built from '2020.2/staging' branch; Version is '2020.2.3f1 (8ff31bc5bf5b) revision 9433883'; Using compiler version '192528614'; Build Type 'Release'
OS: 'Windows 10 Pro; OS build 18363.1440; Version 1909; 64bit' Language: 'en' Physical Memory: 12169 MB
BatchMode: 1, IsHumanControllingUs: 0, StartBugReporterOnCrash: 0, Is64bit: 1, IsPro: 0

 COMMAND LINE ARGUMENTS:
D:\Unity\2020.2.3f1\Editor\Unity.exe
-adb2
-batchMode
-noUpm
-name
AssetImportWorker0
-projectPath
D:/Unity/QuizTest
-logFile
Logs/AssetImportWorker0.log
-srvPort
5678
Successfully changed project path to: D:/Unity/QuizTest
D:/Unity/QuizTest
Using Asset Import Pipeline V2.
Refreshing native plugins compatible for Editor in 25.66 ms, found 0 plugins.
Preloading 0 native plugins for Editor in 0.00 ms.
Initialize engine version: 2020.2.3f1 (8ff31bc5bf5b)
[Subsystems] Discovering subsystems at path D:/Unity/2020.2.3f1/Editor/Data/Resources/UnitySubsystems
[Subsystems] Discovering subsystems at path D:/Unity/QuizTest/Assets
GfxDevice: creating device client; threaded=0
Direct3D:
    Version:  Direct3D 11.0 [level 11.1]
    Renderer: Intel(R) UHD Graphics 620 (ID=0x5917)
    Vendor:   
    VRAM:     6084 MB
    Driver:   26.20.100.7263
Initialize mono
Mono path[0] = 'D:/Unity/2020.2.3f1/Editor/Data/Managed'
Mono path[1] = 'D:/Unity/2020.2.3f1/Editor/Data/MonoBleedingEdge/lib/mono/unityjit'
Mono config path = 'D:/Unity/2020.2.3f1/Editor/Data/MonoBleedingEdge/etc'
Using monoOptions --debugger-agent=transport=dt_socket,embedding=1,server=y,suspend=n,address=127.0.0.1:56120
Begin MonoManager ReloadAssembly
Registering precompiled unity dll's ...
Register platform support module: D:/Unity/2020.2.3f1/Editor/Data/PlaybackEngines/WindowsStandaloneSupport/UnityEditor.WindowsStandalone.Extensions.dll
Registered in 0.001287 seconds.
Native extension for WindowsStandalone target not found
Refreshing native plugins compatible for Editor in 25.41 ms, found 0 plugins.
Preloading 0 native plugins for Editor in 0.00 ms.
Invoked RoslynAnalysisRunner static constructor.
RoslynAnalysisRunner will not be running.
RoslynAnalysisRunner has terminated.
Mono: successfully reloaded assembly
- Completed reload, in  1.387 seconds
Platform modules already initialized, skipping
Registering precompiled user dll's ...
Registered in 0.000565 seconds.
Begin MonoManager ReloadAssembly
Native extension for WindowsStandalone target not found
Refreshing native plugins compatible for Editor in 0.23 ms, found 0 plugins.
Preloading 0 native plugins for Editor in 0.00 ms.
Invoked RoslynAnalysisRunner static constructor.
RoslynAnalysisRunner will not be running.
RoslynAnalysisRunner has terminated.
Mono: successfully reloaded assembly
- Completed reload, in  0.868 seconds
Platform modules already initialized, skipping
========================================================================
Worker process is ready to serve import requests
Launched and connected shader compiler UnityShaderCompiler.exe after 0.05 seconds
Refreshing native plugins compatible for Editor in 0.19 ms, found 0 plugins.
Preloading 0 native plugins for Editor in 0.00 ms.
Unloading 1102 Unused Serialized files (Serialized files now loaded: 0)
System memory in use before: 56.5 MB.
System memory in use after: 56.6 MB.

Unloading 10 unused Assets to reduce memory usage. Loaded Objects now: 1542.
Total: 1.870200 ms (FindLiveObjects: 0.113400 ms CreateObjectMapping: 0.032100 ms MarkObjects: 1.639700 ms  DeleteObjects: 0.083500 ms)

========================================================================
Received Import Request.
  path: Assets/Scripts/Question2.cs
  artifactKey: Guid(913d5cfccaf71f94ea4f59e3d64df4d0) Importer(815301076,1909f56bfc062723c751e8b465ee728b)
Start importing Assets/Scripts/Question2.cs using Guid(913d5cfccaf71f94ea4f59e3d64df4d0) Importer(815301076,1909f56bfc062723c751e8b465ee728b)  -> (artifact id: '2dfc116160d3024bdfe44aa41c9f6f9e') in 0.040553 seconds
  Import took 0.042767 seconds .

========================================================================
Received Import Request.
  Time since last request: 4890.111995 seconds.
  path: Assets/Scripts/ScriptableObject
  artifactKey: Guid(eb6005ad5d79d8c4786da33154d3a528) Importer(815301076,1909f56bfc062723c751e8b465ee728b)
Start importing Assets/Scripts/ScriptableObject using Guid(eb6005ad5d79d8c4786da33154d3a528) Importer(815301076,1909f56bfc062723c751e8b465ee728b)  -> (artifact id: 'da9f0407d021a41aba75842cc0db2bb6') in 0.009671 seconds
  Import took 0.055096 seconds .

========================================================================
Received Import Request.
  Time since last request: 5.041487 seconds.
  path: Assets/Scripts/ScriptableObject/Question.cs
  artifactKey: Guid(033eb758afbdbb04e9fa9545b2a9a8da) Importer(815301076,1909f56bfc062723c751e8b465ee728b)
Start importing Assets/Scripts/ScriptableObject/Question.cs using Guid(033eb758afbdbb04e9fa9545b2a9a8da) Importer(815301076,1909f56bfc062723c751e8b465ee728b)  -> (artifact id: '0c16a5b224c216168c4f29fd49f8476d') in 0.015210 seconds
  Import took 0.022742 seconds .

========================================================================
Received Import Request.
  Time since last request: 38.154694 seconds.
  path: Assets/Scripts/ScriptableObject/GameEvent.cs
  artifactKey: Guid(0aa66a08155ff164ab5c763204179d84) Importer(815301076,1909f56bfc062723c751e8b465ee728b)
Start importing Assets/Scripts/ScriptableObject/GameEvent.cs using Guid(0aa66a08155ff164ab5c763204179d84) Importer(815301076,1909f56bfc062723c751e8b465ee728b)  -> (artifact id: 'bacc19dfaa7dccf7b19f9789be3e005f') in 0.015463 seconds
  Import took 0.023550 seconds .

========================================================================
Received Import Request.
  Time since last request: 29.333687 seconds.
  path: Assets/Scripts/ScriptableObject/GameEvents.cs
  artifactKey: Guid(fa42b211c72fa7c4ebdade19e90ef59a) Importer(815301076,1909f56bfc062723c751e8b465ee728b)
Start importing Assets/Scripts/ScriptableObject/GameEvents.cs using Guid(fa42b211c72fa7c4ebdade19e90ef59a) Importer(815301076,1909f56bfc062723c751e8b465ee728b)  -> (artifact id: '0ca43ffaa7c468abc5518cccbe7f0859') in 0.011287 seconds
  Import took 0.018290 seconds .

========================================================================
Received Import Request.
  Time since last request: 0.005413 seconds.
  path: Assets/Scripts/ScriptableObject/GameEvents.cs
  artifactKey: Guid(fa42b211c72fa7c4ebdade19e90ef59a) Importer(815301076,1909f56bfc062723c751e8b465ee728b)
Start importing Assets/Scripts/ScriptableObject/GameEvents.cs using Guid(fa42b211c72fa7c4ebdade19e90ef59a) Importer(815301076,1909f56bfc062723c751e8b465ee728b)  -> (artifact id: '0ca43ffaa7c468abc5518cccbe7f0859') in 0.005472 seconds
  Import took 0.010782 seconds .

========================================================================
Received Import Request.
  Time since last request: 3472.510123 seconds.
  path: Assets/Scripts/ScriptableObject/GameEvents.cs
  artifactKey: Guid(fa42b211c72fa7c4ebdade19e90ef59a) Importer(815301076,1909f56bfc062723c751e8b465ee728b)
Start importing Assets/Scripts/ScriptableObject/GameEvents.cs using Guid(fa42b211c72fa7c4ebdade19e90ef59a) Importer(815301076,1909f56bfc062723c751e8b465ee728b)  -> (artifact id: 'd9252b3d3c8bda004aeb8ae1b8106334') in 0.002592 seconds
  Import took 0.016304 seconds .

========================================================================
Received Import Request.
  Time since last request: 0.016400 seconds.
  path: Assets/Scripts/ScriptableObject/GameEvents.cs
  artifactKey: Guid(fa42b211c72fa7c4ebdade19e90ef59a) Importer(815301076,1909f56bfc062723c751e8b465ee728b)
Start importing Assets/Scripts/ScriptableObject/GameEvents.cs using Guid(fa42b211c72fa7c4ebdade19e90ef59a) Importer(815301076,1909f56bfc062723c751e8b465ee728b)  -> (artifact id: 'd9252b3d3c8bda004aeb8ae1b8106334') in 0.002107 seconds
  Import took 0.004291 seconds .

========================================================================
Received Import Request.
  Time since last request: 8.656345 seconds.
  path: Assets/Scripts/Mono
  artifactKey: Guid(cd20d62163573f14798bf28c2608dc31) Importer(815301076,1909f56bfc062723c751e8b465ee728b)
Start importing Assets/Scripts/Mono using Guid(cd20d62163573f14798bf28c2608dc31) Importer(815301076,1909f56bfc062723c751e8b465ee728b)  -> (artifact id: '1c9f7781a08c96dad19315b62d7523c5') in 0.010140 seconds
  Import took 0.018411 seconds .

========================================================================
Received Import Request.
  Time since last request: 14.130196 seconds.
  path: Assets/Scripts/Mono/AnswerData.cs
  artifactKey: Guid(ccb2a4a2a5134a14d8b74eda7a739c08) Importer(815301076,1909f56bfc062723c751e8b465ee728b)
Start importing Assets/Scripts/Mono/AnswerData.cs using Guid(ccb2a4a2a5134a14d8b74eda7a739c08) Importer(815301076,1909f56bfc062723c751e8b465ee728b)  -> (artifact id: 'f10895b591791f8ad67e1b72c31ed533') in 0.011615 seconds
  Import took 0.018670 seconds .

========================================================================
Received Import Request.
  Time since last request: 0.002541 seconds.
  path: Assets/Scripts/Mono/AnswerData.cs
  artifactKey: Guid(ccb2a4a2a5134a14d8b74eda7a739c08) Importer(815301076,1909f56bfc062723c751e8b465ee728b)
Start importing Assets/Scripts/Mono/AnswerData.cs using Guid(ccb2a4a2a5134a14d8b74eda7a739c08) Importer(815301076,1909f56bfc062723c751e8b465ee728b)  -> (artifact id: 'f10895b591791f8ad67e1b72c31ed533') in 0.003484 seconds
  Import took 0.007648 seconds .

========================================================================
Received Import Request.
  Time since last request: 2285.337341 seconds.
  path: Assets/Scripts/Mono/AnswerData.cs
  artifactKey: Guid(ccb2a4a2a5134a14d8b74eda7a739c08) Importer(815301076,1909f56bfc062723c751e8b465ee728b)
Start importing Assets/Scripts/Mono/AnswerData.cs using Guid(ccb2a4a2a5134a14d8b74eda7a739c08) Importer(815301076,1909f56bfc062723c751e8b465ee728b)  -> (artifact id: '51ae1592b4e9b6185d1f832935af3e33') in 0.003857 seconds
  Import took 0.012730 seconds .

========================================================================
Received Import Request.
  Time since last request: 0.001160 seconds.
  path: Assets/Scripts/Mono/AnswerData.cs
  artifactKey: Guid(ccb2a4a2a5134a14d8b74eda7a739c08) Importer(815301076,1909f56bfc062723c751e8b465ee728b)
Start importing Assets/Scripts/Mono/AnswerData.cs using Guid(ccb2a4a2a5134a14d8b74eda7a739c08) Importer(815301076,1909f56bfc062723c751e8b465ee728b)  -> (artifact id: '51ae1592b4e9b6185d1f832935af3e33') in 0.003449 seconds
  Import took 0.006488 seconds .

========================================================================
Received Import Request.
  Time since last request: 4908.245254 seconds.
  path: Assets/Scripts/Mono/AnswerData.cs
  artifactKey: Guid(ccb2a4a2a5134a14d8b74eda7a739c08) Importer(815301076,1909f56bfc062723c751e8b465ee728b)
Start importing Assets/Scripts/Mono/AnswerData.cs using Guid(ccb2a4a2a5134a14d8b74eda7a739c08) Importer(815301076,1909f56bfc062723c751e8b465ee728b)  -> (artifact id: '90cbc58c493a957f8b43fa506d74c1e0') in 0.003893 seconds
  Import took 0.035801 seconds .

AssetImportWorkerClient::OnTransportError - code=2 error=End of file
